<?xml version="1.0" encoding="UTF-8"?>
<!-- Generated by org.testng.reporters.JUnitXMLReporter -->
<testsuite ignored="2" hostname="DESKTOP-5LH8LL2" failures="0" tests="2" name="Test" time="17.922" errors="0" timestamp="2022-04-08T14:22:32 GMT-07:00">
  <testcase classname="pomclass.LostTest" name="m1" time="12.77"/>
  <testcase classname="pomclass.PageTest" name="m2" time="2.619"/>
  <testcase classname="pomclass.BaseTest" name="@AfterSuite afterSuite" time="0.0">
    <ignored/>
  </testcase> <!-- @AfterSuite afterSuite -->
  <testcase classname="pomclass.BaseTest" name="@BeforeSuite beforeSuite" time="0.0">
    <ignored/>
  </testcase> <!-- @BeforeSuite beforeSuite -->
</testsuite> <!-- Test -->
