<?xml version="1.0" encoding="UTF-8"?>
<testng-results ignored="2" total="4" passed="2" failed="0" skipped="0">
  <reporter-output>
  </reporter-output>
  <suite started-at="2022-04-08T14:22:14 GMT-07:00" name="Suite" finished-at="2022-04-08T14:22:32 GMT-07:00" duration-ms="17922">
    <groups>
    </groups>
    <test started-at="2022-04-08T14:22:14 GMT-07:00" name="Test" finished-at="2022-04-08T14:22:32 GMT-07:00" duration-ms="17922">
      <class name="pomclass.PageTest">
        <test-method is-config="true" signature="beforeClass()[pri:0, instance:pomclass.PageTest@41fbdac4]" started-at="2022-04-08T14:22:29 GMT-07:00" name="beforeClass" finished-at="2022-04-08T14:22:29 GMT-07:00" duration-ms="220" status="PASS">
          <reporter-output>
          </reporter-output>
        </test-method> <!-- beforeClass -->
        <test-method signature="m2()[pri:0, instance:pomclass.PageTest@41fbdac4]" started-at="2022-04-08T14:22:29 GMT-07:00" name="m2" finished-at="2022-04-08T14:22:32 GMT-07:00" duration-ms="2619" status="PASS">
          <reporter-output>
          </reporter-output>
        </test-method> <!-- m2 -->
        <test-method is-config="true" signature="afterClass()[pri:0, instance:pomclass.PageTest@41fbdac4]" started-at="2022-04-08T14:22:32 GMT-07:00" name="afterClass" finished-at="2022-04-08T14:22:32 GMT-07:00" duration-ms="1" status="PASS">
          <reporter-output>
          </reporter-output>
        </test-method> <!-- afterClass -->
      </class> <!-- pomclass.PageTest -->
      <class name="pomclass.LostTest">
        <test-method is-config="true" signature="beforeSuite()[pri:0, instance:pomclass.LostTest@31c88ec8]" started-at="2022-04-08T14:21:12 GMT-07:00" name="beforeSuite" finished-at="2022-04-08T14:22:14 GMT-07:00" duration-ms="61854" status="PASS">
          <reporter-output>
          </reporter-output>
        </test-method> <!-- beforeSuite -->
        <test-method is-config="true" signature="beforeClass()[pri:0, instance:pomclass.LostTest@31c88ec8]" started-at="2022-04-08T14:22:14 GMT-07:00" name="beforeClass" finished-at="2022-04-08T14:22:16 GMT-07:00" duration-ms="2006" status="PASS">
          <reporter-output>
          </reporter-output>
        </test-method> <!-- beforeClass -->
        <test-method signature="m1()[pri:0, instance:pomclass.LostTest@31c88ec8]" started-at="2022-04-08T14:22:16 GMT-07:00" name="m1" finished-at="2022-04-08T14:22:29 GMT-07:00" duration-ms="12770" status="PASS">
          <reporter-output>
          </reporter-output>
        </test-method> <!-- m1 -->
        <test-method is-config="true" signature="afterSuite()[pri:0, instance:pomclass.LostTest@31c88ec8]" started-at="2022-04-08T14:22:33 GMT-07:00" name="afterSuite" finished-at="2022-04-08T14:22:33 GMT-07:00" duration-ms="0" status="PASS">
          <reporter-output>
          </reporter-output>
        </test-method> <!-- afterSuite -->
      </class> <!-- pomclass.LostTest -->
    </test> <!-- Test -->
  </suite> <!-- Suite -->
</testng-results>
